<?xml version="1.0" encoding="UTF-8"?>
<!-- Generated by org.testng.reporters.JUnitReportReporter -->
<testsuite hostname="DESKTOP-14N1F2H" failures="0" tests="3" name="com.pro.testcases.CheckoutTest" time="8.519" errors="0" timestamp="2024-08-21T12:29:53 EDT" skipped="0">
  <testcase classname="com.pro.testcases.CheckoutTest" name="TestCheckOut" time="3.496"/>
  <system-out/>
  <testcase classname="com.pro.testcases.CheckoutTest" name="TestCheckOut2" time="2.521"/>
  <system-out/>
  <testcase classname="com.pro.testcases.CheckoutTest" name="TestCheckOut3" time="2.502"/>
  <system-out/>
</testsuite> <!-- com.pro.testcases.CheckoutTest -->
