<?xml version="1.0" encoding="UTF-8"?>
<!-- Generated by org.testng.reporters.JUnitReportReporter -->
<testsuite hostname="Saifuls-MacBook-Pro.local" failures="0" tests="1" name="com.pro.testcases.AddToCartTest" time="13.839" errors="0" timestamp="2024-09-18T16:30:01 EDT" skipped="0">
  <testcase classname="com.pro.testcases.AddToCartTest" name="TestAddToCart" time="13.839"/>
</testsuite> <!-- com.pro.testcases.AddToCartTest -->
