<?xml version="1.0" encoding="UTF-8"?>
<!-- Generated by org.testng.reporters.JUnitReportReporter -->
<testsuite hostname="Saifuls-MacBook-Pro.local" failures="0" tests="3" name="com.pro.testcases.HomePageTest" time="4.110" errors="0" timestamp="2024-09-18T16:34:26 EDT" skipped="0">
  <testcase classname="com.pro.testcases.HomePageTest" name="Testswaglablogin" time="1.127"/>
  <testcase classname="com.pro.testcases.HomePageTest" name="TestAddToCart" time="0.603"/>
  <testcase classname="com.pro.testcases.HomePageTest" name="TestCheckOut" time="2.380"/>
</testsuite> <!-- com.pro.testcases.HomePageTest -->
