<?xml version="1.0" encoding="UTF-8"?>
<!-- Generated by org.testng.reporters.JUnitReportReporter -->
<testsuite hostname="DESKTOP-14N1F2H" failures="0" tests="3" name="com.pro.testcases.CheckoutTest" time="9.134" errors="0" timestamp="2024-09-18T00:16:34 EDT" skipped="0">
  <testcase classname="com.pro.testcases.CheckoutTest" name="TestCheckOut" time="3.786"/>
  <system-out/>
  <testcase classname="com.pro.testcases.CheckoutTest" name="TestCheckOut2" time="2.671"/>
  <system-out/>
  <testcase classname="com.pro.testcases.CheckoutTest" name="TestCheckOut3" time="2.677"/>
  <system-out/>
</testsuite> <!-- com.pro.testcases.CheckoutTest -->
