<?xml version="1.0" encoding="UTF-8"?>
<!-- Generated by org.testng.reporters.JUnitReportReporter -->
<testsuite hostname="Saifuls-MacBook-Pro.local" failures="0" tests="3" name="com.pro.testcases.CheckoutTest" time="9.818" errors="0" timestamp="2024-09-18T16:30:39 EDT" skipped="0">
  <testcase classname="com.pro.testcases.CheckoutTest" name="TestCheckOut" time="4.031"/>
  <testcase classname="com.pro.testcases.CheckoutTest" name="TestCheckOut2" time="2.943"/>
  <testcase classname="com.pro.testcases.CheckoutTest" name="TestCheckOut3" time="2.844"/>
</testsuite> <!-- com.pro.testcases.CheckoutTest -->
